2021/04/02 {0  true <nil>}
2021/04/02 {1  [0x0dc8f984ae0c01a67c6d3190cb4d3cb51cef62c6f5c5eaec739e54556904c721 7957 0x4189374bc6a7ef9db22d0e5604189374bc6a7ef9db22d0e5604189374bc6a7] <nil>}
2021/04/02 send share success
2021/04/02 cacheSize: 16776896 nonce: 1167 height 7957
2021/04/02 hash: [13 200 249 132 174 12 1 166 124 109 49 144 203 77 60 181 28 239 98 198 245 197 234 236 115 158 84 85 105 4 199 33]
2021/04/02 result: [0 63 148 188 21 11 103 116 34 165 229 92 42 205 82 228 63 150 60 203 202 128 177 183 38 116 34 173 169 229 116 218]
2021/04/02 return result: {0  true <nil>}
2021/04/02 send share success
2021/04/02 cacheSize: 16776896 nonce: 2680 height 7957
2021/04/02 hash: [13 200 249 132 174 12 1 166 124 109 49 144 203 77 60 181 28 239 98 198 245 197 234 236 115 158 84 85 105 4 199 33]
2021/04/02 result: [0 55 249 57 50 176 156 37 3 156 76 54 117 83 24 208 19 151 42 66 151 124 218 251 91 19 14 17 177 255 178 102]
2021/04/02 return result: {0  true <nil>}
2021/04/02 {0  [0xc7e00f31886f3562593347e7fdaf21aa87277ffb8ebed6d2d42fac7603a43433 7958 0x4189374bc6a7ef9db22d0e5604189374bc6a7ef9db22d0e5604189374bc6a7] <nil>}
2021/04/02 {0  [0x5f21d90896e0d5f282f11b9747695efc329f9abf6de8fd6a18b5f5845fbf90ef 7959 0x4189374bc6a7ef9db22d0e5604189374bc6a7ef9db22d0e5604189374bc6a7] <nil>}
2021/04/02 send share success
2021/04/02 cacheSize: 16776896 nonce: 63 height 7959
2021/04/02 hash: [95 33 217 8 150 224 213 242 130 241 27 151 71 105 94 252 50 159 154 191 109 232 253 106 24 181 245 132 95 191 144 239]
2021/04/02 result: [0 29 145 169 169 189 226 97 2 154 207 141 158 191 88 138 8 188 37 108 41 213 20 18 134 212 249 239 65 236 103 42]
2021/04/02 return result: {0  true <nil>}
2021/04/02 {0  [0xda66fb83105aee05fde21b8e7a47a19479b246b0e959d4c04cf64f490261235a 7960 0x4189374bc6a7ef9db22d0e5604189374bc6a7ef9db22d0e5604189374bc6a7] <nil>}
2021/04/02 {0  [0xe99c428c8ff4148a492bf6100d9251eb508d375c226939c6a13220c3fd476e22 7961 0x4189374bc6a7ef9db22d0e5604189374bc6a7ef9db22d0e5604189374bc6a7] <nil>}
2021/04/02 send share success
2021/04/02 cacheSize: 16776896 nonce: 339 height 7961
2021/04/02 hash: [233 156 66 140 143 244 20 138 73 43 246 16 13 146 81 235 80 141 55 92 34 105 57 198 161 50 32 195 253 71 110 34]
2021/04/02 result: [0 25 170 65 48 215 61 194 11 27 210 66 216 179 59 184 30 177 180 62 34 8 9 51 164 65 204 48 12 210 51 41]
2021/04/02 return result: {0  true <nil>}
2021/04/02 send share success
2021/04/02 cacheSize: 16776896 nonce: 686 height 7961
2021/04/02 hash: [233 156 66 140 143 244 20 138 73 43 246 16 13 146 81 235 80 141 55 92 34 105 57 198 161 50 32 195 253 71 110 34]
2021/04/02 result: [0 52 20 245 228 0 52 184 65 170 243 56 2 166 247 126 50 12 79 67 161 84 137 39 137 117 188 254 180 43 40 7]
2021/04/02 return result: {0  true <nil>}
2021/04/02 {0  [0x33387a01c1f8960c327776cfc7e21680e63817b90259cec6b5c78a99a603f1c9 7962 0x4189374bc6a7ef9db22d0e5604189374bc6a7ef9db22d0e5604189374bc6a7] <nil>}
2021/04/02 {1  [0x33387a01c1f8960c327776cfc7e21680e63817b90259cec6b5c78a99a603f1c9 7962 0x4189374bc6a7ef9db22d0e5604189374bc6a7ef9db22d0e5604189374bc6a7] <nil>}
2021/04/02 send share success
2021/04/02 cacheSize: 16776896 nonce: 110 height 7962
2021/04/02 hash: [51 56 122 1 193 248 150 12 50 119 118 207 199 226 22 128 230 56 23 185 2 89 206 198 181 199 138 153 166 3 241 201]
2021/04/02 result: [0 7 136 211 135 41 50 88 110 91 154 123 131 159 163 4 38 156 95 161 175 142 80 166 30 51 246 80 64 26 183 197]
2021/04/02 return result: {0  true <nil>}
2021/04/02 {0  [0xb81182455ca7f3eb02a6c480933876db4cfc82e6c3f3dad793ae84f0b3b76c22 7963 0x4189374bc6a7ef9db22d0e5604189374bc6a7ef9db22d0e5604189374bc6a7] <nil>}
2021/04/02 send share success
2021/04/02 cacheSize: 16776896 nonce: 31 height 7963
2021/04/02 hash: [184 17 130 69 92 167 243 235 2 166 196 128 147 56 118 219 76 252 130 230 195 243 218 215 147 174 132 240 179 183 108 34]
2021/04/02 result: [0 6 120 209 108 88 4 239 209 95 96 47 15 202 124 220 3 212 67 233 109 106 198 176 145 51 85 170 26 159 10 227]
2021/04/02 return result: {0  true <nil>}
2021/04/02 {0  [0x858436417af6f39f81763d303639900122f3c364b205b4e3115a699a20bf39b3 7964 0x4189374bc6a7ef9db22d0e5604189374bc6a7ef9db22d0e5604189374bc6a7] <nil>}
2021/04/02 {0  [0xca5a1ef7ff0cad908c14e557f67089dc44b3fcbe3fc7b6e76849975ffca59901 7965 0x4189374bc6a7ef9db22d0e5604189374bc6a7ef9db22d0e5604189374bc6a7] <nil>}
2021/04/02 {0  [0x4fe2cd19661cb410e6d9164c6c6a99a2febc8cc5bc5aba0bbeb1ccde092ae3ca 7966 0x4189374bc6a7ef9db22d0e5604189374bc6a7ef9db22d0e5604189374bc6a7] <nil>}
2021/04/02 send share success
2021/04/02 cacheSize: 16776896 nonce: 544 height 7966
2021/04/02 hash: [79 226 205 25 102 28 180 16 230 217 22 76 108 106 153 162 254 188 140 197 188 90 186 11 190 177 204 222 9 42 227 202]
2021/04/02 result: [0 1 62 135 146 25 162 80 195 94 255 128 88 204 20 184 51 167 15 218 76 61 165 248 109 145 109 95 92 40 69 53]
2021/04/02 return result: {0  true <nil>}
2021/04/02 {0  [0x93976b323516820efd336bd5dca10f5b451700d362357542469a9681d0c8cd40 7967 0x4189374bc6a7ef9db22d0e5604189374bc6a7ef9db22d0e5604189374bc6a7] <nil>}
2021/04/02 {0  [0x9c63e746b1234d381efae70a214f6a87af591c3e834dbb79e2a90d4ffbf9b27a 7968 0x4189374bc6a7ef9db22d0e5604189374bc6a7ef9db22d0e5604189374bc6a7] <nil>}
2021/04/02 {0  [0x9b15a127203bc0dc5a0ff16f81a717c8ccc06efa37863d1e5183f504de06dcb4 7969 0x4189374bc6a7ef9db22d0e5604189374bc6a7ef9db22d0e5604189374bc6a7] <nil>}
2021/04/02 {0  [0xea09ce413fc0c20b4918769f72509cb22e02b9ddae28228ff51194ab6bf8b401 7970 0x4189374bc6a7ef9db22d0e5604189374bc6a7ef9db22d0e5604189374bc6a7] <nil>}
2021/04/02 send share success
2021/04/02 cacheSize: 16776896 nonce: 146 height 7970
2021/04/02 hash: [234 9 206 65 63 192 194 11 73 24 118 159 114 80 156 178 46 2 185 221 174 40 34 143 245 17 148 171 107 248 180 1]
2021/04/02 result: [0 14 141 152 60 190 234 9 218 233 234 39 152 112 93 12 145 6 22 95 216 80 66 208 92 172 200 134 140 53 84 65]
2021/04/02 return result: {0  true <nil>}
2021/04/02 {0  [0x75066b97994c55acb644aa0cef7d7f65724cbb917dfd81cb27250a36c04c76ec 7971 0x4189374bc6a7ef9db22d0e5604189374bc6a7ef9db22d0e5604189374bc6a7] <nil>}
2021/04/02 send share success
2021/04/02 cacheSize: 16776896 nonce: 351 height 7971
2021/04/02 hash: [117 6 107 151 153 76 85 172 182 68 170 12 239 125 127 101 114 76 187 145 125 253 129 203 39 37 10 54 192 76 118 236]
2021/04/02 result: [0 50 44 171 103 217 123 28 203 220 194 208 161 175 205 162 246 42 18 238 39 46 149 84 132 246 39 134 101 220 154 71]
2021/04/02 {0  [0xa02e030f64f3bbcf2ba7c7fc191074132fb799732a8dba3f7e96d3ab53afae8d 7972 0x4189374bc6a7ef9db22d0e5604189374bc6a7ef9db22d0e5604189374bc6a7] <nil>}
2021/04/02 return result: {0  true <nil>}
2021/04/02 send share success
2021/04/02 cacheSize: 16776896 nonce: 107 height 7972
2021/04/02 hash: [160 46 3 15 100 243 187 207 43 167 199 252 25 16 116 19 47 183 153 115 42 141 186 63 126 150 211 171 83 175 174 141]
2021/04/02 result: [0 63 89 251 159 50 196 91 145 99 57 8 20 168 184 211 126 234 158 167 7 221 98 237 54 221 249 43 252 132 251 15]
2021/04/02 return result: {0  true <nil>}
2021/04/02 send share success
2021/04/02 cacheSize: 16776896 nonce: 316 height 7972
2021/04/02 hash: [160 46 3 15 100 243 187 207 43 167 199 252 25 16 116 19 47 183 153 115 42 141 186 63 126 150 211 171 83 175 174 141]
2021/04/02 result: [0 5 13 241 203 214 236 194 221 166 64 54 55 65 245 204 235 181 179 31 66 97 84 60 136 97 156 101 138 125 227 184]
2021/04/02 return result: {0  true <nil>}
2021/04/02 {0  [0xc068d3577e48354f8a35a1c87358dbd5239bb22ee551731a1991c93c6c08d171 7973 0x4189374bc6a7ef9db22d0e5604189374bc6a7ef9db22d0e5604189374bc6a7] <nil>}
2021/04/02 {0  [0x571286396dd74a05d81221b476fa723e24d6e3b3498b0688054dda5a4bdec5de 7974 0x4189374bc6a7ef9db22d0e5604189374bc6a7ef9db22d0e5604189374bc6a7] <nil>}
2021/04/02 send share success
2021/04/02 cacheSize: 16776896 nonce: 44 height 7974
2021/04/02 hash: [87 18 134 57 109 215 74 5 216 18 33 180 118 250 114 62 36 214 227 179 73 139 6 136 5 77 218 90 75 222 197 222]
2021/04/02 result: [0 10 231 23 120 42 215 1 132 29 79 192 131 219 80 235 245 176 48 166 85 135 83 11 116 68 209 33 81 253 216 208]
2021/04/02 {0  [0x641d232ccfe83f413f80bdc998d5471b163d71f6cf48f1aadec611d4320688f9 7975 0x4189374bc6a7ef9db22d0e5604189374bc6a7ef9db22d0e5604189374bc6a7] <nil>}
2021/04/02 json.Unmarsha err= invalid character '{' after top-level value
2021/04/02 {0  [0x8d1e71d8193ee64208447f0c5842f96aa6cd97eff6abc28cb42fb29f00feea7f 7976 0x4189374bc6a7ef9db22d0e5604189374bc6a7ef9db22d0e5604189374bc6a7] <nil>}
2021/04/02 {0  [0x965a7f33907d699779975ed24db5d1577012860e428b7708d9f4bfbaa5cb288b 7977 0x4189374bc6a7ef9db22d0e5604189374bc6a7ef9db22d0e5604189374bc6a7] <nil>}
2021/04/02 {0  [0x101bc038a1d12c844c8a120dc23d991d98b43b855425e3416bff798c7dc507b7 7978 0x4189374bc6a7ef9db22d0e5604189374bc6a7ef9db22d0e5604189374bc6a7] <nil>}
2021/04/02 {0  [0x2b09089ae87e0820de42d4bcc3018f32f56102a4a54b58622c2532afe2258f35 7979 0x4189374bc6a7ef9db22d0e5604189374bc6a7ef9db22d0e5604189374bc6a7] <nil>}
2021/04/02 {0  [0x2abe5f8e4c72e434a71566ebdd7ed4362a172db070638c2c0ac03c5d8c3eaa25 7980 0x4189374bc6a7ef9db22d0e5604189374bc6a7ef9db22d0e5604189374bc6a7] <nil>}
2021/04/02 {0  [0x849cfd55b67f467c3b1e26e90e6ce105f3319a72d06ae320f570202ff35c89ae 7981 0x4189374bc6a7ef9db22d0e5604189374bc6a7ef9db22d0e5604189374bc6a7] <nil>}
2021/04/02 send share success
2021/04/02 cacheSize: 16776896 nonce: 134 height 7981
2021/04/02 hash: [132 156 253 85 182 127 70 124 59 30 38 233 14 108 225 5 243 49 154 114 208 106 227 32 245 112 32 47 243 92 137 174]
2021/04/02 result: [0 10 180 16 249 174 22 55 82 207 39 176 73 111 189 210 172 111 30 137 230 5 27 174 55 62 82 16 70 148 173 36]
2021/04/02 {0  [0xf339345cdc8cd37f9ac60ac09b27fca8f6f14ca75fac1c26921d85ca0a43715e 7982 0x4189374bc6a7ef9db22d0e5604189374bc6a7ef9db22d0e5604189374bc6a7] <nil>}
2021/04/02 json.Unmarsha err= invalid character '{' after top-level value
2021/04/02 {0  [0xc1b0384dcaedca05c58c7eedfd380433db4fea38f1fe565f20818dca43d9792a 7983 0x4189374bc6a7ef9db22d0e5604189374bc6a7ef9db22d0e5604189374bc6a7] <nil>}
2021/04/02 {0  [0xc55acaae043f7f93b98812e865328e9f5712c57bf0e56ee7c341ea90667fd34c 7984 0x4189374bc6a7ef9db22d0e5604189374bc6a7ef9db22d0e5604189374bc6a7] <nil>}
2021/04/02 {0  [0x8e86bfe42616fb597a284574e968ac790ff60e7f8902b6a1aca491473f791ce6 7985 0x4189374bc6a7ef9db22d0e5604189374bc6a7ef9db22d0e5604189374bc6a7] <nil>}
2021/04/02 {0  [0x2dc4d0e1aaaa225cca42587cd18a778cebbb16becf2044ad8402f380fda1c8c5 7986 0x4189374bc6a7ef9db22d0e5604189374bc6a7ef9db22d0e5604189374bc6a7] <nil>}
2021/04/02 {0  [0x8bd0a3c6209c15ed15a82390b735e32347b3033783da9ac620a10d8b04d67ea6 7987 0x4189374bc6a7ef9db22d0e5604189374bc6a7ef9db22d0e5604189374bc6a7] <nil>}
2021/04/02 {0  [0x7c178168aee5d4dce4891ae2ca91e172b5349dbe44845e1b545192fcc03f6be2 7988 0x4189374bc6a7ef9db22d0e5604189374bc6a7ef9db22d0e5604189374bc6a7] <nil>}
2021/04/02 {0  [0x73c2fb312e75b60505566335827ca7d034d94ab1bac423c358d15970fc950d68 7989 0x4189374bc6a7ef9db22d0e5604189374bc6a7ef9db22d0e5604189374bc6a7] <nil>}
2021/04/02 {0  [0x1d5d91fe397ad3cb9bf093a3b81f1e41c53214e87fac30e2540e088d71d830d4 7990 0x4189374bc6a7ef9db22d0e5604189374bc6a7ef9db22d0e5604189374bc6a7] <nil>}
2021/04/02 send share success
2021/04/02 cacheSize: 16776896 nonce: 172 height 7990
2021/04/02 hash: [29 93 145 254 57 122 211 203 155 240 147 163 184 31 30 65 197 50 20 232 127 172 48 226 84 14 8 141 113 216 48 212]
2021/04/02 result: [0 60 102 190 117 178 199 117 157 147 52 102 66 200 207 138 152 101 178 176 234 79 143 113 9 214 255 129 20 132 165 22]
2021/04/02 return result: {0  true <nil>}
2021/04/02 {0  [0x60e15e8aa0b77ea3fea8a112628d6be1a9fa4456a18d90f9bcd1d7767da63277 7991 0x4189374bc6a7ef9db22d0e5604189374bc6a7ef9db22d0e5604189374bc6a7] <nil>}
2021/04/02 send share success
2021/04/02 cacheSize: 16776896 nonce: 223 height 7991
2021/04/02 hash: [96 225 94 138 160 183 126 163 254 168 161 18 98 141 107 225 169 250 68 86 161 141 144 249 188 209 215 118 125 166 50 119]
2021/04/02 result: [0 37 60 226 119 241 161 155 170 100 89 194 17 239 214 2 199 253 111 91 51 80 13 45 55 120 153 38 7 120 15 98]
2021/04/02 return result: {0  true <nil>}
2021/04/02 send share success
2021/04/02 cacheSize: 16776896 nonce: 359 height 7991
2021/04/02 hash: [96 225 94 138 160 183 126 163 254 168 161 18 98 141 107 225 169 250 68 86 161 141 144 249 188 209 215 118 125 166 50 119]
2021/04/02 result: [0 51 178 50 120 33 32 109 131 240 16 16 103 16 230 225 166 232 128 169 113 68 9 32 212 39 243 75 23 78 3 98]
2021/04/02 return result: {0  true <nil>}
2021/04/02 {0  [0x7e65b3d4478c9722bc5d4f313a8c9927f6343e966a5a427cb8c9170f3dfca386 7991 0x4189374bc6a7ef9db22d0e5604189374bc6a7ef9db22d0e5604189374bc6a7] <nil>}
